<?xml version="1.0" encoding="UTF-8"?>
<!-- Generated by org.testng.reporters.JUnitReportReporter -->
<testsuite hostname="N092605" failures="0" tests="1" name="Runners.Run" time="13.682" errors="0" timestamp="2021-09-21T14:56:49 BRT" skipped="0">
  <testcase classname="Runners.Run" name="runScenario" time="13.682"/>
  <system-out/>
</testsuite> <!-- Runners.Run -->
