<?xml version="1.0" encoding="UTF-8"?>
<!-- Generated by org.testng.reporters.JUnitReportReporter -->
<testsuite hostname="N092605" failures="0" tests="1" name="Runners.Run" time="12.082" errors="0" timestamp="2021-09-21T16:01:08 BRT" skipped="0">
  <testcase classname="Runners.Run" name="runScenario" time="12.082"/>
  <system-out/>
</testsuite> <!-- Runners.Run -->
